{
  "stats": {
    "suites": 1,
    "tests": 6,
    "passes": 6,
    "pending": 0,
    "failures": 0,
    "start": "2023-07-24T14:06:11.687Z",
    "end": "2023-07-24T14:06:25.233Z",
    "duration": 13546,
    "testsRegistered": 6,
    "passPercent": 100,
    "pendingPercent": 0,
    "other": 0,
    "hasOther": false,
    "skipped": 0,
    "hasSkipped": false
  },
  "results": [
    {
      "uuid": "f56ba5e5-20f1-4bdb-9d2c-334972575642",
      "title": "",
      "fullFile": "cypress\\e2e\\home.cy.js",
      "file": "cypress\\e2e\\home.cy.js",
      "beforeHooks": [],
      "afterHooks": [],
      "tests": [],
      "suites": [
        {
          "uuid": "4f237953-50fe-453a-9944-e82dfdd82f8a",
          "title": "Home test",
          "fullFile": "",
          "file": "",
          "beforeHooks": [],
          "afterHooks": [],
          "tests": [
            {
              "title": "should find home page image",
              "fullTitle": "Home test should find home page image",
              "timedOut": null,
              "duration": 5305,
              "state": "passed",
              "speed": "medium",
              "pass": true,
              "fail": false,
              "pending": false,
              "context": null,
              "code": "cy.get('.tatsu-r1-99gT75h > .tatsu-column-inner > .tatsu-column-pad-wrap > .tatsu-column-pad > .tatsu-single-image > .tatsu-single-image-inner > .tatsu-gradient-border').should('be.visible', \"have.attr\", \"src\", \"http://cltrising.jitudevops.com/wp-content/uploads/2020/05/home-photos-alt.png\");",
              "err": {},
              "uuid": "e56b6fac-878e-4df9-8de0-d1de89222563",
              "parentUUID": "4f237953-50fe-453a-9944-e82dfdd82f8a",
              "isHook": false,
              "skipped": false
            },
            {
              "title": "Should find the header texts on the home section",
              "fullTitle": "Home test Should find the header texts on the home section",
              "timedOut": null,
              "duration": 1126,
              "state": "passed",
              "speed": "fast",
              "pass": true,
              "fail": false,
              "pending": false,
              "context": null,
              "code": "cy.get('.tatsu-inline-text-inner ');\ncy.contains(\"Improve your academic skills Sharpen your test-taking strategies Enhance your college planning. Achieve your career goals, strengthen your family, and optimize your quality of life.\");",
              "err": {},
              "uuid": "3a5aa2e8-3401-43a2-844b-3772dabd1d1f",
              "parentUUID": "4f237953-50fe-453a-9944-e82dfdd82f8a",
              "isHook": false,
              "skipped": false
            },
            {
              "title": "Should find the vision content",
              "fullTitle": "Home test Should find the vision content",
              "timedOut": null,
              "duration": 1162,
              "state": "passed",
              "speed": "fast",
              "pass": true,
              "fail": false,
              "pending": false,
              "context": null,
              "code": "cy.get('#home');\ncy.contains('Our vision is to support Charlotte area students and families by creating access to opportunities to optimize quality of life.');",
              "err": {},
              "uuid": "835c1de2-8bd2-4d5e-a834-40192cb3c3ce",
              "parentUUID": "4f237953-50fe-453a-9944-e82dfdd82f8a",
              "isHook": false,
              "skipped": false
            },
            {
              "title": "Should find the values",
              "fullTitle": "Home test Should find the values",
              "timedOut": null,
              "duration": 1310,
              "state": "passed",
              "speed": "fast",
              "pass": true,
              "fail": false,
              "pending": false,
              "context": null,
              "code": "cy.get('.tatsu-S12qqg6mq2 > .tatsu-column-inner > .tatsu-column-pad-wrap > .tatsu-column-pad > .tatsu-module > .tatsu-text-inner > ul > li').should('have.text', 'CLTRising advocates emphasize collaboration with families and community partnerships in all programming.');",
              "err": {},
              "uuid": "f96862fd-821f-41c4-bf3d-d18d7dd2c6e5",
              "parentUUID": "4f237953-50fe-453a-9944-e82dfdd82f8a",
              "isHook": false,
              "skipped": false
            },
            {
              "title": "Should find the values",
              "fullTitle": "Home test Should find the values",
              "timedOut": null,
              "duration": 1191,
              "state": "passed",
              "speed": "fast",
              "pass": true,
              "fail": false,
              "pending": false,
              "context": null,
              "code": "cy.get('.tatsu-Bk99ceaX5h > .tatsu-column-inner > .tatsu-column-pad-wrap > .tatsu-column-pad > .tatsu-module > .tatsu-text-inner > .ak-ul > li > p').should('have.text', 'Students and families take ownership of their goals with the support of CLTRising advocates.');",
              "err": {},
              "uuid": "e2cdccbd-c3bf-4d9b-a15c-c3dbb13f3d32",
              "parentUUID": "4f237953-50fe-453a-9944-e82dfdd82f8a",
              "isHook": false,
              "skipped": false
            },
            {
              "title": "Should find the values",
              "fullTitle": "Home test Should find the values",
              "timedOut": null,
              "duration": 1093,
              "state": "passed",
              "speed": "fast",
              "pass": true,
              "fail": false,
              "pending": false,
              "context": null,
              "code": "cy.get('.tatsu-r109clTX5h > .tatsu-column-inner > .tatsu-column-pad-wrap > .tatsu-column-pad > .tatsu-module > .tatsu-text-inner > ul > li').should('have.text', 'Commitment from CLTRising advocates and families creates long-term growth and success.');",
              "err": {},
              "uuid": "0852ca42-3cde-4e8c-9ab7-9f3cc6628dba",
              "parentUUID": "4f237953-50fe-453a-9944-e82dfdd82f8a",
              "isHook": false,
              "skipped": false
            }
          ],
          "suites": [],
          "passes": [
            "e56b6fac-878e-4df9-8de0-d1de89222563",
            "3a5aa2e8-3401-43a2-844b-3772dabd1d1f",
            "835c1de2-8bd2-4d5e-a834-40192cb3c3ce",
            "f96862fd-821f-41c4-bf3d-d18d7dd2c6e5",
            "e2cdccbd-c3bf-4d9b-a15c-c3dbb13f3d32",
            "0852ca42-3cde-4e8c-9ab7-9f3cc6628dba"
          ],
          "failures": [],
          "pending": [],
          "skipped": [],
          "duration": 11187,
          "root": false,
          "rootEmpty": false,
          "_timeout": 2000
        }
      ],
      "passes": [],
      "failures": [],
      "pending": [],
      "skipped": [],
      "duration": 0,
      "root": true,
      "rootEmpty": true,
      "_timeout": 2000
    }
  ],
  "meta": {
    "mocha": {
      "version": "7.0.1"
    },
    "mochawesome": {
      "options": {
        "quiet": false,
        "reportFilename": "mochawesome",
        "saveHtml": false,
        "saveJson": true,
        "consoleReporter": "spec",
        "useInlineDiffs": false,
        "code": true
      },
      "version": "7.1.3"
    },
    "marge": {
      "options": {
        "id": "default",
        "reportDir": "cypress/reports/mocha",
        "quite": true,
        "overwrite": false,
        "html": false,
        "json": true
      },
      "version": "6.2.0"
    }
  }
}