{
  "stats": {
    "suites": 1,
    "tests": 2,
    "passes": 2,
    "pending": 0,
    "failures": 0,
    "start": "2023-07-21T13:45:43.848Z",
    "end": "2023-07-21T13:46:03.353Z",
    "duration": 19505,
    "testsRegistered": 2,
    "passPercent": 100,
    "pendingPercent": 0,
    "other": 0,
    "hasOther": false,
    "skipped": 0,
    "hasSkipped": false
  },
  "results": [
    {
      "uuid": "e573e891-07f9-4366-81b3-d6bfdb629ac3",
      "title": "",
      "fullFile": "cypress\\e2e\\header.cy.js",
      "file": "cypress\\e2e\\header.cy.js",
      "beforeHooks": [],
      "afterHooks": [],
      "tests": [],
      "suites": [
        {
          "uuid": "c4749b6e-0fea-4a19-bc19-bb6a7c3bf59e",
          "title": "Header tests",
          "fullFile": "",
          "file": "",
          "beforeHooks": [],
          "afterHooks": [],
          "tests": [
            {
              "title": "Should CLT RISING logo and should be able to link",
              "fullTitle": "Header tests Should CLT RISING logo and should be able to link",
              "timedOut": null,
              "duration": 9566,
              "state": "passed",
              "speed": "medium",
              "pass": true,
              "fail": false,
              "pending": false,
              "context": "{\n  \"title\": \"cypress-mochawesome-reporter-videos-passed\",\n  \"value\": \"cypress\\\\e2e\\\\header.cy.js\"\n}",
              "code": "cy.get(\".logo\").should(\"be.visible\").find(\"a\", 'img[class=\"loaded\"]').click();",
              "err": {},
              "uuid": "f82bc360-5c61-4bf6-a428-41fc46e6305f",
              "parentUUID": "c4749b6e-0fea-4a19-bc19-bb6a7c3bf59e",
              "isHook": false,
              "skipped": false
            },
            {
              "title": "Should find 7 nav bar links",
              "fullTitle": "Header tests Should find 7 nav bar links",
              "timedOut": null,
              "duration": 5433,
              "state": "passed",
              "speed": "medium",
              "pass": true,
              "fail": false,
              "pending": false,
              "context": "{\n  \"title\": \"cypress-mochawesome-reporter-videos-passed\",\n  \"value\": \"cypress\\\\e2e\\\\header.cy.js\"\n}",
              "code": "cy.get(\"#menu\").find(\"a\").click({\n  multiple: true\n}).should(\"have.length\", 7).each($link => {\n  cy.wrap($link).should(\"have.attr\", \"href\").and(\"not.be.empty\");\n});",
              "err": {},
              "uuid": "c4144a00-8df5-412f-9db1-8492327a449c",
              "parentUUID": "c4749b6e-0fea-4a19-bc19-bb6a7c3bf59e",
              "isHook": false,
              "skipped": false
            }
          ],
          "suites": [],
          "passes": [
            "f82bc360-5c61-4bf6-a428-41fc46e6305f",
            "c4144a00-8df5-412f-9db1-8492327a449c"
          ],
          "failures": [],
          "pending": [],
          "skipped": [],
          "duration": 14999,
          "root": false,
          "rootEmpty": false,
          "_timeout": 2000
        }
      ],
      "passes": [],
      "failures": [],
      "pending": [],
      "skipped": [],
      "duration": 0,
      "root": true,
      "rootEmpty": true,
      "_timeout": 2000
    }
  ],
  "meta": {
    "mocha": {
      "version": "7.0.1"
    },
    "mochawesome": {
      "options": {
        "quiet": false,
        "reportFilename": "mochawesome",
        "saveHtml": false,
        "saveJson": true,
        "consoleReporter": "spec",
        "useInlineDiffs": false,
        "code": true
      },
      "version": "7.1.3"
    },
    "marge": {
      "options": {
        "id": "default",
        "reportDir": "cypress/reports/mocha",
        "quite": true,
        "overwrite": false,
        "html": false,
        "json": true
      },
      "version": "6.2.0"
    }
  }
}