{
  "stats": {
    "suites": 1,
    "tests": 6,
    "passes": 6,
    "pending": 0,
    "failures": 0,
    "start": "2023-07-26T08:52:02.808Z",
    "end": "2023-07-26T08:52:17.353Z",
    "duration": 14545,
    "testsRegistered": 6,
    "passPercent": 100,
    "pendingPercent": 0,
    "other": 0,
    "hasOther": false,
    "skipped": 0,
    "hasSkipped": false
  },
  "results": [
    {
      "uuid": "20467a70-7a6a-414d-b253-3d8f3d742043",
      "title": "",
      "fullFile": "cypress\\e2e\\home.cy.js",
      "file": "cypress\\e2e\\home.cy.js",
      "beforeHooks": [],
      "afterHooks": [],
      "tests": [],
      "suites": [
        {
          "uuid": "b13a7171-b635-4c64-8dd3-c0b5fe997935",
          "title": "Home test",
          "fullFile": "",
          "file": "",
          "beforeHooks": [],
          "afterHooks": [],
          "tests": [
            {
              "title": "should find home page image",
              "fullTitle": "Home test should find home page image",
              "timedOut": null,
              "duration": 6090,
              "state": "passed",
              "speed": "medium",
              "pass": true,
              "fail": false,
              "pending": false,
              "context": null,
              "code": "cy.get('.tatsu-r1-99gT75h > .tatsu-column-inner > .tatsu-column-pad-wrap > .tatsu-column-pad > .tatsu-single-image > .tatsu-single-image-inner > .tatsu-gradient-border').should('be.visible', \"have.attr\", \"src\", \"http://cltrising.jitudevops.com/wp-content/uploads/2020/05/home-photos-alt.png\");",
              "err": {},
              "uuid": "6cf3e084-68b6-4f2a-97cf-97ab2cea51d9",
              "parentUUID": "b13a7171-b635-4c64-8dd3-c0b5fe997935",
              "isHook": false,
              "skipped": false
            },
            {
              "title": "Should find the header texts on the home section",
              "fullTitle": "Home test Should find the header texts on the home section",
              "timedOut": null,
              "duration": 1108,
              "state": "passed",
              "speed": "fast",
              "pass": true,
              "fail": false,
              "pending": false,
              "context": null,
              "code": "cy.get('.tatsu-inline-text-inner ');\ncy.contains(\"Improve your academic skills Sharpen your test-taking strategies Enhance your college planning. Achieve your career goals, strengthen your family, and optimize your quality of life.\");",
              "err": {},
              "uuid": "932e2461-b165-4ce7-9893-0ee5582396b5",
              "parentUUID": "b13a7171-b635-4c64-8dd3-c0b5fe997935",
              "isHook": false,
              "skipped": false
            },
            {
              "title": "Should find the vision content",
              "fullTitle": "Home test Should find the vision content",
              "timedOut": null,
              "duration": 1137,
              "state": "passed",
              "speed": "fast",
              "pass": true,
              "fail": false,
              "pending": false,
              "context": null,
              "code": "cy.get('#home');\ncy.contains('Our vision is to support Charlotte area students and families by creating access to opportunities to optimize quality of life.');",
              "err": {},
              "uuid": "4f8867d2-8234-4e9e-aa35-ab5a84e93521",
              "parentUUID": "b13a7171-b635-4c64-8dd3-c0b5fe997935",
              "isHook": false,
              "skipped": false
            },
            {
              "title": "Should find the values",
              "fullTitle": "Home test Should find the values",
              "timedOut": null,
              "duration": 1235,
              "state": "passed",
              "speed": "fast",
              "pass": true,
              "fail": false,
              "pending": false,
              "context": null,
              "code": "cy.get('.tatsu-S12qqg6mq2 > .tatsu-column-inner > .tatsu-column-pad-wrap > .tatsu-column-pad > .tatsu-module > .tatsu-text-inner > ul > li').should('have.text', 'CLTRising advocates emphasize collaboration with families and community partnerships in all programming.');",
              "err": {},
              "uuid": "f3879324-a358-4560-9365-f42e65965197",
              "parentUUID": "b13a7171-b635-4c64-8dd3-c0b5fe997935",
              "isHook": false,
              "skipped": false
            },
            {
              "title": "Should find the values",
              "fullTitle": "Home test Should find the values",
              "timedOut": null,
              "duration": 883,
              "state": "passed",
              "speed": "fast",
              "pass": true,
              "fail": false,
              "pending": false,
              "context": null,
              "code": "cy.get('.tatsu-Bk99ceaX5h > .tatsu-column-inner > .tatsu-column-pad-wrap > .tatsu-column-pad > .tatsu-module > .tatsu-text-inner > .ak-ul > li > p').should('have.text', 'Students and families take ownership of their goals with the support of CLTRising advocates.');",
              "err": {},
              "uuid": "544df7a6-00cd-460d-93a0-772c0e88e247",
              "parentUUID": "b13a7171-b635-4c64-8dd3-c0b5fe997935",
              "isHook": false,
              "skipped": false
            },
            {
              "title": "Should find the values",
              "fullTitle": "Home test Should find the values",
              "timedOut": null,
              "duration": 1275,
              "state": "passed",
              "speed": "fast",
              "pass": true,
              "fail": false,
              "pending": false,
              "context": null,
              "code": "cy.get('.tatsu-r109clTX5h > .tatsu-column-inner > .tatsu-column-pad-wrap > .tatsu-column-pad > .tatsu-module > .tatsu-text-inner > ul > li').should('have.text', 'Commitment from CLTRising advocates and families creates long-term growth and success.');",
              "err": {},
              "uuid": "bac204d1-746c-4ea8-9608-5ff20aa222dd",
              "parentUUID": "b13a7171-b635-4c64-8dd3-c0b5fe997935",
              "isHook": false,
              "skipped": false
            }
          ],
          "suites": [],
          "passes": [
            "6cf3e084-68b6-4f2a-97cf-97ab2cea51d9",
            "932e2461-b165-4ce7-9893-0ee5582396b5",
            "4f8867d2-8234-4e9e-aa35-ab5a84e93521",
            "f3879324-a358-4560-9365-f42e65965197",
            "544df7a6-00cd-460d-93a0-772c0e88e247",
            "bac204d1-746c-4ea8-9608-5ff20aa222dd"
          ],
          "failures": [],
          "pending": [],
          "skipped": [],
          "duration": 11728,
          "root": false,
          "rootEmpty": false,
          "_timeout": 2000
        }
      ],
      "passes": [],
      "failures": [],
      "pending": [],
      "skipped": [],
      "duration": 0,
      "root": true,
      "rootEmpty": true,
      "_timeout": 2000
    }
  ],
  "meta": {
    "mocha": {
      "version": "7.0.1"
    },
    "mochawesome": {
      "options": {
        "quiet": false,
        "reportFilename": "mochawesome",
        "saveHtml": false,
        "saveJson": true,
        "consoleReporter": "spec",
        "useInlineDiffs": false,
        "code": true
      },
      "version": "7.1.3"
    },
    "marge": {
      "options": {
        "id": "default",
        "reportDir": "cypress/reports/mocha",
        "quite": true,
        "overwrite": false,
        "html": false,
        "json": true
      },
      "version": "6.2.0"
    }
  }
}