{
  "stats": {
    "suites": 1,
    "tests": 1,
    "passes": 1,
    "pending": 0,
    "failures": 0,
    "start": "2023-07-26T08:43:01.104Z",
    "end": "2023-07-26T08:43:09.762Z",
    "duration": 8658,
    "testsRegistered": 1,
    "passPercent": 100,
    "pendingPercent": 0,
    "other": 0,
    "hasOther": false,
    "skipped": 0,
    "hasSkipped": false
  },
  "results": [
    {
      "uuid": "6f94107b-1f0e-4a5a-bb09-575ea3afb447",
      "title": "",
      "fullFile": "cypress\\e2e\\apply.cy.js",
      "file": "cypress\\e2e\\apply.cy.js",
      "beforeHooks": [],
      "afterHooks": [],
      "tests": [],
      "suites": [
        {
          "uuid": "bb74b950-2711-4a06-8d75-aa25e4ab37e6",
          "title": "Apply section",
          "fullFile": "",
          "file": "",
          "beforeHooks": [],
          "afterHooks": [],
          "tests": [
            {
              "title": "Check the doc image and the two buttons",
              "fullTitle": "Apply section Check the doc image and the two buttons",
              "timedOut": null,
              "duration": 6907,
              "state": "passed",
              "speed": "medium",
              "pass": true,
              "fail": false,
              "pending": false,
              "context": null,
              "code": "cy.get('#action-image > .tatsu-column-inner > .tatsu-column-pad-wrap > .tatsu-column-pad > .tatsu-single-image > .tatsu-single-image-inner > img').should(\"have.attr\", \"src\", \"http://cltrising.jitudevops.com/wp-content/uploads/2022/03/app-docs-2022.png\");\ncy.get('.tatsu-two-third > .tatsu-column-inner > .tatsu-column-pad-wrap > .tatsu-column-pad').find(\"a\").should(\"have.length\", 2).each($link => {\n  cy.wrap($link).should(\"have.attr\", \"href\").and(\"not.be.empty\");\n});",
              "err": {},
              "uuid": "0dae5d4f-bb9d-4c8d-b380-ef91bc61e1a1",
              "parentUUID": "bb74b950-2711-4a06-8d75-aa25e4ab37e6",
              "isHook": false,
              "skipped": false
            }
          ],
          "suites": [],
          "passes": [
            "0dae5d4f-bb9d-4c8d-b380-ef91bc61e1a1"
          ],
          "failures": [],
          "pending": [],
          "skipped": [],
          "duration": 6907,
          "root": false,
          "rootEmpty": false,
          "_timeout": 2000
        }
      ],
      "passes": [],
      "failures": [],
      "pending": [],
      "skipped": [],
      "duration": 0,
      "root": true,
      "rootEmpty": true,
      "_timeout": 2000
    }
  ],
  "meta": {
    "mocha": {
      "version": "7.0.1"
    },
    "mochawesome": {
      "options": {
        "quiet": false,
        "reportFilename": "mochawesome",
        "saveHtml": false,
        "saveJson": true,
        "consoleReporter": "spec",
        "useInlineDiffs": false,
        "code": true
      },
      "version": "7.1.3"
    },
    "marge": {
      "options": {
        "id": "default",
        "reportDir": "cypress/reports/mocha",
        "quite": true,
        "overwrite": false,
        "html": false,
        "json": true
      },
      "version": "6.2.0"
    }
  }
}