{
  "stats": {
    "suites": 1,
    "tests": 3,
    "passes": 3,
    "pending": 0,
    "failures": 0,
    "start": "2023-07-26T07:30:03.540Z",
    "end": "2023-07-26T07:30:18.260Z",
    "duration": 14720,
    "testsRegistered": 3,
    "passPercent": 100,
    "pendingPercent": 0,
    "other": 0,
    "hasOther": false,
    "skipped": 0,
    "hasSkipped": false
  },
  "results": [
    {
      "uuid": "972d08d2-6d0d-4aa9-af1b-1c77ea574aaf",
      "title": "",
      "fullFile": "cypress\\e2e\\about-us.cy.js",
      "file": "cypress\\e2e\\about-us.cy.js",
      "beforeHooks": [],
      "afterHooks": [],
      "tests": [],
      "suites": [
        {
          "uuid": "5ea7fb65-cd92-470c-97f3-72895378dd34",
          "title": "About us test case",
          "fullFile": "",
          "file": "",
          "beforeHooks": [],
          "afterHooks": [],
          "tests": [
            {
              "title": "Should find the images of the team members section 1",
              "fullTitle": "About us test case Should find the images of the team members section 1",
              "timedOut": null,
              "duration": 7336,
              "state": "passed",
              "speed": "medium",
              "pass": true,
              "fail": false,
              "pending": false,
              "context": null,
              "code": "cy.get('.tatsu-S1uC5kAAt2 > .tatsu-section-pad > .tatsu-row-has-one-half > .tatsu-row').find(\"img\").should(\"have.length\", 2, \"be.visible\");",
              "err": {},
              "uuid": "c2e9456c-c39b-4502-8094-7f9fb03d23a7",
              "parentUUID": "5ea7fb65-cd92-470c-97f3-72895378dd34",
              "isHook": false,
              "skipped": false
            },
            {
              "title": "Should find the images of the team members section 2",
              "fullTitle": "About us test case Should find the images of the team members section 2",
              "timedOut": null,
              "duration": 3272,
              "state": "passed",
              "speed": "fast",
              "pass": true,
              "fail": false,
              "pending": false,
              "context": null,
              "code": "cy.get('.tatsu-S1uC5kAAt2 > .tatsu-section-pad > .tatsu-row-has-three-cols > .tatsu-row').find(\"img\").should(\"have.length\", 3, \"be.visible\");",
              "err": {},
              "uuid": "1892277c-fa2d-404b-8655-881194679333",
              "parentUUID": "5ea7fb65-cd92-470c-97f3-72895378dd34",
              "isHook": false,
              "skipped": false
            },
            {
              "title": "Should find the images of the team members section 3",
              "fullTitle": "About us test case Should find the images of the team members section 3",
              "timedOut": null,
              "duration": 1578,
              "state": "passed",
              "speed": "fast",
              "pass": true,
              "fail": false,
              "pending": false,
              "context": null,
              "code": "cy.get('.tatsu-S1uC5kAAt2 > .tatsu-section-pad > .tatsu-row-has-four-cols > .tatsu-row').find(\"img\").should(\"have.length\", 2, \"be.visible\");",
              "err": {},
              "uuid": "024e1cf1-4a5c-4279-939d-40edf4750276",
              "parentUUID": "5ea7fb65-cd92-470c-97f3-72895378dd34",
              "isHook": false,
              "skipped": false
            }
          ],
          "suites": [],
          "passes": [
            "c2e9456c-c39b-4502-8094-7f9fb03d23a7",
            "1892277c-fa2d-404b-8655-881194679333",
            "024e1cf1-4a5c-4279-939d-40edf4750276"
          ],
          "failures": [],
          "pending": [],
          "skipped": [],
          "duration": 12186,
          "root": false,
          "rootEmpty": false,
          "_timeout": 2000
        }
      ],
      "passes": [],
      "failures": [],
      "pending": [],
      "skipped": [],
      "duration": 0,
      "root": true,
      "rootEmpty": true,
      "_timeout": 2000
    }
  ],
  "meta": {
    "mocha": {
      "version": "7.0.1"
    },
    "mochawesome": {
      "options": {
        "quiet": false,
        "reportFilename": "mochawesome",
        "saveHtml": false,
        "saveJson": true,
        "consoleReporter": "spec",
        "useInlineDiffs": false,
        "code": true
      },
      "version": "7.1.3"
    },
    "marge": {
      "options": {
        "id": "default",
        "reportDir": "cypress/reports/mocha",
        "quite": true,
        "overwrite": false,
        "html": false,
        "json": true
      },
      "version": "6.2.0"
    }
  }
}