{
  "stats": {
    "suites": 1,
    "tests": 2,
    "passes": 2,
    "pending": 0,
    "failures": 0,
    "start": "2023-07-26T08:51:45.526Z",
    "end": "2023-07-26T08:52:01.381Z",
    "duration": 15855,
    "testsRegistered": 2,
    "passPercent": 100,
    "pendingPercent": 0,
    "other": 0,
    "hasOther": false,
    "skipped": 0,
    "hasSkipped": false
  },
  "results": [
    {
      "uuid": "170b5653-50ef-4493-9ee5-53ddbd27f492",
      "title": "",
      "fullFile": "cypress\\e2e\\header.cy.js",
      "file": "cypress\\e2e\\header.cy.js",
      "beforeHooks": [],
      "afterHooks": [],
      "tests": [],
      "suites": [
        {
          "uuid": "f887e1a5-7f15-40af-a585-4285511f08d8",
          "title": "Header tests",
          "fullFile": "",
          "file": "",
          "beforeHooks": [],
          "afterHooks": [],
          "tests": [
            {
              "title": "Should CLT RISING logo and should be able to link",
              "fullTitle": "Header tests Should CLT RISING logo and should be able to link",
              "timedOut": null,
              "duration": 9787,
              "state": "passed",
              "speed": "medium",
              "pass": true,
              "fail": false,
              "pending": false,
              "context": null,
              "code": "cy.get(\".logo\").should(\"be.visible\").find(\"a\", 'img[class=\"loaded\"]').click();",
              "err": {},
              "uuid": "e95dcd08-cce0-4bc2-aa04-d4d69b607983",
              "parentUUID": "f887e1a5-7f15-40af-a585-4285511f08d8",
              "isHook": false,
              "skipped": false
            },
            {
              "title": "Should find 7 nav bar links",
              "fullTitle": "Header tests Should find 7 nav bar links",
              "timedOut": null,
              "duration": 3845,
              "state": "passed",
              "speed": "fast",
              "pass": true,
              "fail": false,
              "pending": false,
              "context": null,
              "code": "cy.get(\"#menu\").find(\"a\").click({\n  multiple: true\n}).should(\"have.length\", 7).each($link => {\n  cy.wrap($link).should(\"have.attr\", \"href\").and(\"not.be.empty\");\n});",
              "err": {},
              "uuid": "9247e16e-dd56-4ef5-8245-e8957f1f3ad1",
              "parentUUID": "f887e1a5-7f15-40af-a585-4285511f08d8",
              "isHook": false,
              "skipped": false
            }
          ],
          "suites": [],
          "passes": [
            "e95dcd08-cce0-4bc2-aa04-d4d69b607983",
            "9247e16e-dd56-4ef5-8245-e8957f1f3ad1"
          ],
          "failures": [],
          "pending": [],
          "skipped": [],
          "duration": 13632,
          "root": false,
          "rootEmpty": false,
          "_timeout": 2000
        }
      ],
      "passes": [],
      "failures": [],
      "pending": [],
      "skipped": [],
      "duration": 0,
      "root": true,
      "rootEmpty": true,
      "_timeout": 2000
    }
  ],
  "meta": {
    "mocha": {
      "version": "7.0.1"
    },
    "mochawesome": {
      "options": {
        "quiet": false,
        "reportFilename": "mochawesome",
        "saveHtml": false,
        "saveJson": true,
        "consoleReporter": "spec",
        "useInlineDiffs": false,
        "code": true
      },
      "version": "7.1.3"
    },
    "marge": {
      "options": {
        "id": "default",
        "reportDir": "cypress/reports/mocha",
        "quite": true,
        "overwrite": false,
        "html": false,
        "json": true
      },
      "version": "6.2.0"
    }
  }
}