{
  "stats": {
    "suites": 1,
    "tests": 1,
    "passes": 1,
    "pending": 0,
    "failures": 0,
    "start": "2023-07-26T07:30:19.602Z",
    "end": "2023-07-26T07:30:28.086Z",
    "duration": 8484,
    "testsRegistered": 1,
    "passPercent": 100,
    "pendingPercent": 0,
    "other": 0,
    "hasOther": false,
    "skipped": 0,
    "hasSkipped": false
  },
  "results": [
    {
      "uuid": "a24c0eba-7b19-47b3-b134-fd4adfddd7e9",
      "title": "",
      "fullFile": "cypress\\e2e\\apply.cy.js",
      "file": "cypress\\e2e\\apply.cy.js",
      "beforeHooks": [],
      "afterHooks": [],
      "tests": [],
      "suites": [
        {
          "uuid": "78b63b2b-2d24-4423-8fe9-0003fb497444",
          "title": "Apply section",
          "fullFile": "",
          "file": "",
          "beforeHooks": [],
          "afterHooks": [],
          "tests": [
            {
              "title": "Check the doc image and the two buttons",
              "fullTitle": "Apply section Check the doc image and the two buttons",
              "timedOut": null,
              "duration": 6732,
              "state": "passed",
              "speed": "medium",
              "pass": true,
              "fail": false,
              "pending": false,
              "context": null,
              "code": "cy.get('#action-image > .tatsu-column-inner > .tatsu-column-pad-wrap > .tatsu-column-pad > .tatsu-single-image > .tatsu-single-image-inner > img').should(\"have.attr\", \"src\", \"http://cltrising.jitudevops.com/wp-content/uploads/2022/03/app-docs-2022.png\");\ncy.get('.tatsu-two-third > .tatsu-column-inner > .tatsu-column-pad-wrap > .tatsu-column-pad').find(\"a\").should(\"have.length\", 2).each($link => {\n  cy.wrap($link).should(\"have.attr\", \"href\").and(\"not.be.empty\");\n});",
              "err": {},
              "uuid": "1d37d178-389b-4b1c-aeb4-55030f9404c2",
              "parentUUID": "78b63b2b-2d24-4423-8fe9-0003fb497444",
              "isHook": false,
              "skipped": false
            }
          ],
          "suites": [],
          "passes": [
            "1d37d178-389b-4b1c-aeb4-55030f9404c2"
          ],
          "failures": [],
          "pending": [],
          "skipped": [],
          "duration": 6732,
          "root": false,
          "rootEmpty": false,
          "_timeout": 2000
        }
      ],
      "passes": [],
      "failures": [],
      "pending": [],
      "skipped": [],
      "duration": 0,
      "root": true,
      "rootEmpty": true,
      "_timeout": 2000
    }
  ],
  "meta": {
    "mocha": {
      "version": "7.0.1"
    },
    "mochawesome": {
      "options": {
        "quiet": false,
        "reportFilename": "mochawesome",
        "saveHtml": false,
        "saveJson": true,
        "consoleReporter": "spec",
        "useInlineDiffs": false,
        "code": true
      },
      "version": "7.1.3"
    },
    "marge": {
      "options": {
        "id": "default",
        "reportDir": "cypress/reports/mocha",
        "quite": true,
        "overwrite": false,
        "html": false,
        "json": true
      },
      "version": "6.2.0"
    }
  }
}