{
  "stats": {
    "suites": 1,
    "tests": 6,
    "passes": 6,
    "pending": 0,
    "failures": 0,
    "start": "2023-07-21T13:46:31.054Z",
    "end": "2023-07-21T13:46:48.988Z",
    "duration": 17934,
    "testsRegistered": 6,
    "passPercent": 100,
    "pendingPercent": 0,
    "other": 0,
    "hasOther": false,
    "skipped": 0,
    "hasSkipped": false
  },
  "results": [
    {
      "uuid": "183dcd38-1f6b-4a44-a7f8-f6cdd876d999",
      "title": "",
      "fullFile": "cypress\\e2e\\program.cy.js",
      "file": "cypress\\e2e\\program.cy.js",
      "beforeHooks": [],
      "afterHooks": [],
      "tests": [],
      "suites": [
        {
          "uuid": "d9ec92cb-e2ec-4842-8016-2aa6d8a94024",
          "title": "Program section test case",
          "fullFile": "",
          "file": "",
          "beforeHooks": [],
          "afterHooks": [],
          "tests": [
            {
              "title": "Should have the following heading",
              "fullTitle": "Program section test case Should have the following heading",
              "timedOut": null,
              "duration": 6047,
              "state": "passed",
              "speed": "medium",
              "pass": true,
              "fail": false,
              "pending": false,
              "context": "{\n  \"title\": \"cypress-mochawesome-reporter-videos-passed\",\n  \"value\": \"cypress\\\\e2e\\\\program.cy.js\"\n}",
              "code": "cy.get('#sfp > .tatsu-text-inner > h4').should('have.text', 'Student-Family Partnerships');",
              "err": {},
              "uuid": "ea104b19-bb6c-4ab1-9330-267bd9664531",
              "parentUUID": "d9ec92cb-e2ec-4842-8016-2aa6d8a94024",
              "isHook": false,
              "skipped": false
            },
            {
              "title": "Should have the following heading",
              "fullTitle": "Program section test case Should have the following heading",
              "timedOut": null,
              "duration": 1538,
              "state": "passed",
              "speed": "fast",
              "pass": true,
              "fail": false,
              "pending": false,
              "context": "{\n  \"title\": \"cypress-mochawesome-reporter-videos-passed\",\n  \"value\": \"cypress\\\\e2e\\\\program.cy.js\"\n}",
              "code": "cy.get('.tatsu-SydcBR0Fh > .tatsu-text-inner > h4').should('have.text', 'Mission');",
              "err": {},
              "uuid": "097e7a86-e512-4dab-a94c-17e52c86809a",
              "parentUUID": "d9ec92cb-e2ec-4842-8016-2aa6d8a94024",
              "isHook": false,
              "skipped": false
            },
            {
              "title": "Should have the following heading",
              "fullTitle": "Program section test case Should have the following heading",
              "timedOut": null,
              "duration": 1462,
              "state": "passed",
              "speed": "fast",
              "pass": true,
              "fail": false,
              "pending": false,
              "context": "{\n  \"title\": \"cypress-mochawesome-reporter-videos-passed\",\n  \"value\": \"cypress\\\\e2e\\\\program.cy.js\"\n}",
              "code": "cy.get('.tatsu-HkEtu10CFn > .tatsu-text-inner > p').should('have.text', 'Our mission is to empower high-achieving, under-resourced Charlotte area students and families to achieve long term economic mobility through strategic family-centered advocacy and impactful community connections by providing collaboration with a trained and trusted Student-Family Advocate (SFA) whose partnership centers on student growth & development as well as family stability & self-sufficiency, health & wellness, education & careers, and financial literacy & management.');",
              "err": {},
              "uuid": "5f2cf68d-b9df-4cf8-9ba4-9ec852e11864",
              "parentUUID": "d9ec92cb-e2ec-4842-8016-2aa6d8a94024",
              "isHook": false,
              "skipped": false
            },
            {
              "title": "should find the services lists",
              "fullTitle": "Program section test case should find the services lists",
              "timedOut": null,
              "duration": 2351,
              "state": "passed",
              "speed": "fast",
              "pass": true,
              "fail": false,
              "pending": false,
              "context": "{\n  \"title\": \"cypress-mochawesome-reporter-videos-passed\",\n  \"value\": \"cypress\\\\e2e\\\\program.cy.js\"\n}",
              "code": "cy.get('.tatsu-rJ7Xm0RFn > .tatsu-text-inner > ul > li').each(($li, index, $list) => {\n  const itemText = $li.text();\n  cy.contains(`${itemText}`).should('be.visible');\n});",
              "err": {},
              "uuid": "5d98f3cf-026e-46d4-b4dc-1fe75a1f9b9d",
              "parentUUID": "d9ec92cb-e2ec-4842-8016-2aa6d8a94024",
              "isHook": false,
              "skipped": false
            },
            {
              "title": "should find information on qualifies for the program",
              "fullTitle": "Program section test case should find information on qualifies for the program",
              "timedOut": null,
              "duration": 2356,
              "state": "passed",
              "speed": "fast",
              "pass": true,
              "fail": false,
              "pending": false,
              "context": "{\n  \"title\": \"cypress-mochawesome-reporter-videos-passed\",\n  \"value\": \"cypress\\\\e2e\\\\program.cy.js\"\n}",
              "code": "cy.get('.tatsu-rk3Y_JAAY3 > .tatsu-text-inner > ul > li').each(($li, index, $list) => {\n  const itemText = $li.text();\n  cy.contains(`${itemText}`).should('be.visible');\n});",
              "err": {},
              "uuid": "dc419ad0-f542-4ee6-9779-80ad56f21403",
              "parentUUID": "d9ec92cb-e2ec-4842-8016-2aa6d8a94024",
              "isHook": false,
              "skipped": false
            },
            {
              "title": "should find the application process",
              "fullTitle": "Program section test case should find the application process",
              "timedOut": null,
              "duration": 1940,
              "state": "passed",
              "speed": "fast",
              "pass": true,
              "fail": false,
              "pending": false,
              "context": "{\n  \"title\": \"cypress-mochawesome-reporter-videos-passed\",\n  \"value\": \"cypress\\\\e2e\\\\program.cy.js\"\n}",
              "code": "cy.get('.tatsu-rk0YdJR0t2 > .tatsu-text-inner > ul > li').each(($li, index, $list) => {\n  const itemText = $li.text();\n  cy.contains(`${itemText}`).should('be.visible');\n});",
              "err": {},
              "uuid": "ff21b4fc-8962-423f-940d-406064bb4b74",
              "parentUUID": "d9ec92cb-e2ec-4842-8016-2aa6d8a94024",
              "isHook": false,
              "skipped": false
            }
          ],
          "suites": [],
          "passes": [
            "ea104b19-bb6c-4ab1-9330-267bd9664531",
            "097e7a86-e512-4dab-a94c-17e52c86809a",
            "5f2cf68d-b9df-4cf8-9ba4-9ec852e11864",
            "5d98f3cf-026e-46d4-b4dc-1fe75a1f9b9d",
            "dc419ad0-f542-4ee6-9779-80ad56f21403",
            "ff21b4fc-8962-423f-940d-406064bb4b74"
          ],
          "failures": [],
          "pending": [],
          "skipped": [],
          "duration": 15694,
          "root": false,
          "rootEmpty": false,
          "_timeout": 2000
        }
      ],
      "passes": [],
      "failures": [],
      "pending": [],
      "skipped": [],
      "duration": 0,
      "root": true,
      "rootEmpty": true,
      "_timeout": 2000
    }
  ],
  "meta": {
    "mocha": {
      "version": "7.0.1"
    },
    "mochawesome": {
      "options": {
        "quiet": false,
        "reportFilename": "mochawesome",
        "saveHtml": false,
        "saveJson": true,
        "consoleReporter": "spec",
        "useInlineDiffs": false,
        "code": true
      },
      "version": "7.1.3"
    },
    "marge": {
      "options": {
        "id": "default",
        "reportDir": "cypress/reports/mocha",
        "quite": true,
        "overwrite": false,
        "html": false,
        "json": true
      },
      "version": "6.2.0"
    }
  }
}