{
  "stats": {
    "suites": 3,
    "tests": 14,
    "passes": 14,
    "pending": 0,
    "failures": 0,
    "testsRegistered": 14,
    "passPercent": 100,
    "pendingPercent": 0,
    "other": 0,
    "hasOther": false,
    "skipped": 0,
    "hasSkipped": false,
    "start": "2023-07-21T13:45:43.848Z",
    "end": "2023-07-21T13:46:48.988Z",
    "duration": 65140
  },
  "results": [
    {
      "uuid": "01d756ed-046f-41ce-8d4d-f240deac1168",
      "title": "",
      "fullFile": "cypress\\e2e\\home.cy.js",
      "file": "cypress\\e2e\\home.cy.js",
      "beforeHooks": [],
      "afterHooks": [],
      "tests": [],
      "suites": [
        {
          "uuid": "c4792f37-41f6-47a9-82aa-f846dd1f0d4a",
          "title": "Home test",
          "fullFile": "",
          "file": "",
          "beforeHooks": [],
          "afterHooks": [],
          "tests": [
            {
              "title": "should find home page image",
              "fullTitle": "Home test should find home page image",
              "timedOut": null,
              "duration": 6416,
              "state": "passed",
              "speed": "medium",
              "pass": true,
              "fail": false,
              "pending": false,
              "context": "{\n  \"title\": \"cypress-mochawesome-reporter-videos-passed\",\n  \"value\": \"cypress\\\\e2e\\\\home.cy.js\"\n}",
              "code": "cy.get('.tatsu-r1-99gT75h > .tatsu-column-inner > .tatsu-column-pad-wrap > .tatsu-column-pad > .tatsu-single-image > .tatsu-single-image-inner > .tatsu-gradient-border').should('be.visible', \"have.attr\", \"src\", \"http://cltrising.jitudevops.com/wp-content/uploads/2020/05/home-photos-alt.png\");",
              "err": {},
              "uuid": "97678a7a-272b-4728-869c-66248e9829ab",
              "parentUUID": "c4792f37-41f6-47a9-82aa-f846dd1f0d4a",
              "isHook": false,
              "skipped": false
            },
            {
              "title": "Should find the header texts on the home section",
              "fullTitle": "Home test Should find the header texts on the home section",
              "timedOut": null,
              "duration": 1479,
              "state": "passed",
              "speed": "fast",
              "pass": true,
              "fail": false,
              "pending": false,
              "context": "{\n  \"title\": \"cypress-mochawesome-reporter-videos-passed\",\n  \"value\": \"cypress\\\\e2e\\\\home.cy.js\"\n}",
              "code": "cy.get('.tatsu-inline-text-inner ');\ncy.contains(\"Improve your academic skills Sharpen your test-taking strategies Enhance your college planning. Achieve your career goals, strengthen your family, and optimize your quality of life.\");",
              "err": {},
              "uuid": "26eaa047-f3c0-4772-96c8-54d5c699bbb8",
              "parentUUID": "c4792f37-41f6-47a9-82aa-f846dd1f0d4a",
              "isHook": false,
              "skipped": false
            },
            {
              "title": "Should find the vision content",
              "fullTitle": "Home test Should find the vision content",
              "timedOut": null,
              "duration": 2002,
              "state": "passed",
              "speed": "fast",
              "pass": true,
              "fail": false,
              "pending": false,
              "context": "{\n  \"title\": \"cypress-mochawesome-reporter-videos-passed\",\n  \"value\": \"cypress\\\\e2e\\\\home.cy.js\"\n}",
              "code": "cy.get('#home');\ncy.contains('Our vision is to support Charlotte area students and families by creating access to opportunities to optimize quality of life.');",
              "err": {},
              "uuid": "7814e239-c05e-47e9-83c9-3d66b1080ab5",
              "parentUUID": "c4792f37-41f6-47a9-82aa-f846dd1f0d4a",
              "isHook": false,
              "skipped": false
            },
            {
              "title": "Should find the values",
              "fullTitle": "Home test Should find the values",
              "timedOut": null,
              "duration": 1392,
              "state": "passed",
              "speed": "fast",
              "pass": true,
              "fail": false,
              "pending": false,
              "context": "{\n  \"title\": \"cypress-mochawesome-reporter-videos-passed\",\n  \"value\": \"cypress\\\\e2e\\\\home.cy.js\"\n}",
              "code": "cy.get('.tatsu-S12qqg6mq2 > .tatsu-column-inner > .tatsu-column-pad-wrap > .tatsu-column-pad > .tatsu-module > .tatsu-text-inner > ul > li').should('have.text', 'CLTRising advocates emphasize collaboration with families and community partnerships in all programming.');",
              "err": {},
              "uuid": "4602fdda-ce48-4596-89c7-4cb9f679d0cb",
              "parentUUID": "c4792f37-41f6-47a9-82aa-f846dd1f0d4a",
              "isHook": false,
              "skipped": false
            },
            {
              "title": "Should find the values",
              "fullTitle": "Home test Should find the values",
              "timedOut": null,
              "duration": 1345,
              "state": "passed",
              "speed": "fast",
              "pass": true,
              "fail": false,
              "pending": false,
              "context": "{\n  \"title\": \"cypress-mochawesome-reporter-videos-passed\",\n  \"value\": \"cypress\\\\e2e\\\\home.cy.js\"\n}",
              "code": "cy.get('.tatsu-Bk99ceaX5h > .tatsu-column-inner > .tatsu-column-pad-wrap > .tatsu-column-pad > .tatsu-module > .tatsu-text-inner > .ak-ul > li > p').should('have.text', 'Students and families take ownership of their goals with the support of CLTRising advocates.');",
              "err": {},
              "uuid": "741a83e8-f3b5-4a31-9843-35fd99cbe072",
              "parentUUID": "c4792f37-41f6-47a9-82aa-f846dd1f0d4a",
              "isHook": false,
              "skipped": false
            },
            {
              "title": "Should find the values",
              "fullTitle": "Home test Should find the values",
              "timedOut": null,
              "duration": 1443,
              "state": "passed",
              "speed": "fast",
              "pass": true,
              "fail": false,
              "pending": false,
              "context": "{\n  \"title\": \"cypress-mochawesome-reporter-videos-passed\",\n  \"value\": \"cypress\\\\e2e\\\\home.cy.js\"\n}",
              "code": "cy.get('.tatsu-r109clTX5h > .tatsu-column-inner > .tatsu-column-pad-wrap > .tatsu-column-pad > .tatsu-module > .tatsu-text-inner > ul > li').should('have.text', 'Commitment from CLTRising advocates and families creates long-term growth and success.');",
              "err": {},
              "uuid": "f77b4fb6-70af-4f0e-904d-2e064fca8ae6",
              "parentUUID": "c4792f37-41f6-47a9-82aa-f846dd1f0d4a",
              "isHook": false,
              "skipped": false
            }
          ],
          "suites": [],
          "passes": [
            "97678a7a-272b-4728-869c-66248e9829ab",
            "26eaa047-f3c0-4772-96c8-54d5c699bbb8",
            "7814e239-c05e-47e9-83c9-3d66b1080ab5",
            "4602fdda-ce48-4596-89c7-4cb9f679d0cb",
            "741a83e8-f3b5-4a31-9843-35fd99cbe072",
            "f77b4fb6-70af-4f0e-904d-2e064fca8ae6"
          ],
          "failures": [],
          "pending": [],
          "skipped": [],
          "duration": 14077,
          "root": false,
          "rootEmpty": false,
          "_timeout": 2000
        }
      ],
      "passes": [],
      "failures": [],
      "pending": [],
      "skipped": [],
      "duration": 0,
      "root": true,
      "rootEmpty": true,
      "_timeout": 2000
    },
    {
      "uuid": "183dcd38-1f6b-4a44-a7f8-f6cdd876d999",
      "title": "",
      "fullFile": "cypress\\e2e\\program.cy.js",
      "file": "cypress\\e2e\\program.cy.js",
      "beforeHooks": [],
      "afterHooks": [],
      "tests": [],
      "suites": [
        {
          "uuid": "d9ec92cb-e2ec-4842-8016-2aa6d8a94024",
          "title": "Program section test case",
          "fullFile": "",
          "file": "",
          "beforeHooks": [],
          "afterHooks": [],
          "tests": [
            {
              "title": "Should have the following heading",
              "fullTitle": "Program section test case Should have the following heading",
              "timedOut": null,
              "duration": 6047,
              "state": "passed",
              "speed": "medium",
              "pass": true,
              "fail": false,
              "pending": false,
              "context": "{\n  \"title\": \"cypress-mochawesome-reporter-videos-passed\",\n  \"value\": \"cypress\\\\e2e\\\\program.cy.js\"\n}",
              "code": "cy.get('#sfp > .tatsu-text-inner > h4').should('have.text', 'Student-Family Partnerships');",
              "err": {},
              "uuid": "ea104b19-bb6c-4ab1-9330-267bd9664531",
              "parentUUID": "d9ec92cb-e2ec-4842-8016-2aa6d8a94024",
              "isHook": false,
              "skipped": false
            },
            {
              "title": "Should have the following heading",
              "fullTitle": "Program section test case Should have the following heading",
              "timedOut": null,
              "duration": 1538,
              "state": "passed",
              "speed": "fast",
              "pass": true,
              "fail": false,
              "pending": false,
              "context": "{\n  \"title\": \"cypress-mochawesome-reporter-videos-passed\",\n  \"value\": \"cypress\\\\e2e\\\\program.cy.js\"\n}",
              "code": "cy.get('.tatsu-SydcBR0Fh > .tatsu-text-inner > h4').should('have.text', 'Mission');",
              "err": {},
              "uuid": "097e7a86-e512-4dab-a94c-17e52c86809a",
              "parentUUID": "d9ec92cb-e2ec-4842-8016-2aa6d8a94024",
              "isHook": false,
              "skipped": false
            },
            {
              "title": "Should have the following heading",
              "fullTitle": "Program section test case Should have the following heading",
              "timedOut": null,
              "duration": 1462,
              "state": "passed",
              "speed": "fast",
              "pass": true,
              "fail": false,
              "pending": false,
              "context": "{\n  \"title\": \"cypress-mochawesome-reporter-videos-passed\",\n  \"value\": \"cypress\\\\e2e\\\\program.cy.js\"\n}",
              "code": "cy.get('.tatsu-HkEtu10CFn > .tatsu-text-inner > p').should('have.text', 'Our mission is to empower high-achieving, under-resourced Charlotte area students and families to achieve long term economic mobility through strategic family-centered advocacy and impactful community connections by providing collaboration with a trained and trusted Student-Family Advocate (SFA) whose partnership centers on student growth & development as well as family stability & self-sufficiency, health & wellness, education & careers, and financial literacy & management.');",
              "err": {},
              "uuid": "5f2cf68d-b9df-4cf8-9ba4-9ec852e11864",
              "parentUUID": "d9ec92cb-e2ec-4842-8016-2aa6d8a94024",
              "isHook": false,
              "skipped": false
            },
            {
              "title": "should find the services lists",
              "fullTitle": "Program section test case should find the services lists",
              "timedOut": null,
              "duration": 2351,
              "state": "passed",
              "speed": "fast",
              "pass": true,
              "fail": false,
              "pending": false,
              "context": "{\n  \"title\": \"cypress-mochawesome-reporter-videos-passed\",\n  \"value\": \"cypress\\\\e2e\\\\program.cy.js\"\n}",
              "code": "cy.get('.tatsu-rJ7Xm0RFn > .tatsu-text-inner > ul > li').each(($li, index, $list) => {\n  const itemText = $li.text();\n  cy.contains(`${itemText}`).should('be.visible');\n});",
              "err": {},
              "uuid": "5d98f3cf-026e-46d4-b4dc-1fe75a1f9b9d",
              "parentUUID": "d9ec92cb-e2ec-4842-8016-2aa6d8a94024",
              "isHook": false,
              "skipped": false
            },
            {
              "title": "should find information on qualifies for the program",
              "fullTitle": "Program section test case should find information on qualifies for the program",
              "timedOut": null,
              "duration": 2356,
              "state": "passed",
              "speed": "fast",
              "pass": true,
              "fail": false,
              "pending": false,
              "context": "{\n  \"title\": \"cypress-mochawesome-reporter-videos-passed\",\n  \"value\": \"cypress\\\\e2e\\\\program.cy.js\"\n}",
              "code": "cy.get('.tatsu-rk3Y_JAAY3 > .tatsu-text-inner > ul > li').each(($li, index, $list) => {\n  const itemText = $li.text();\n  cy.contains(`${itemText}`).should('be.visible');\n});",
              "err": {},
              "uuid": "dc419ad0-f542-4ee6-9779-80ad56f21403",
              "parentUUID": "d9ec92cb-e2ec-4842-8016-2aa6d8a94024",
              "isHook": false,
              "skipped": false
            },
            {
              "title": "should find the application process",
              "fullTitle": "Program section test case should find the application process",
              "timedOut": null,
              "duration": 1940,
              "state": "passed",
              "speed": "fast",
              "pass": true,
              "fail": false,
              "pending": false,
              "context": "{\n  \"title\": \"cypress-mochawesome-reporter-videos-passed\",\n  \"value\": \"cypress\\\\e2e\\\\program.cy.js\"\n}",
              "code": "cy.get('.tatsu-rk0YdJR0t2 > .tatsu-text-inner > ul > li').each(($li, index, $list) => {\n  const itemText = $li.text();\n  cy.contains(`${itemText}`).should('be.visible');\n});",
              "err": {},
              "uuid": "ff21b4fc-8962-423f-940d-406064bb4b74",
              "parentUUID": "d9ec92cb-e2ec-4842-8016-2aa6d8a94024",
              "isHook": false,
              "skipped": false
            }
          ],
          "suites": [],
          "passes": [
            "ea104b19-bb6c-4ab1-9330-267bd9664531",
            "097e7a86-e512-4dab-a94c-17e52c86809a",
            "5f2cf68d-b9df-4cf8-9ba4-9ec852e11864",
            "5d98f3cf-026e-46d4-b4dc-1fe75a1f9b9d",
            "dc419ad0-f542-4ee6-9779-80ad56f21403",
            "ff21b4fc-8962-423f-940d-406064bb4b74"
          ],
          "failures": [],
          "pending": [],
          "skipped": [],
          "duration": 15694,
          "root": false,
          "rootEmpty": false,
          "_timeout": 2000
        }
      ],
      "passes": [],
      "failures": [],
      "pending": [],
      "skipped": [],
      "duration": 0,
      "root": true,
      "rootEmpty": true,
      "_timeout": 2000
    },
    {
      "uuid": "e573e891-07f9-4366-81b3-d6bfdb629ac3",
      "title": "",
      "fullFile": "cypress\\e2e\\header.cy.js",
      "file": "cypress\\e2e\\header.cy.js",
      "beforeHooks": [],
      "afterHooks": [],
      "tests": [],
      "suites": [
        {
          "uuid": "c4749b6e-0fea-4a19-bc19-bb6a7c3bf59e",
          "title": "Header tests",
          "fullFile": "",
          "file": "",
          "beforeHooks": [],
          "afterHooks": [],
          "tests": [
            {
              "title": "Should CLT RISING logo and should be able to link",
              "fullTitle": "Header tests Should CLT RISING logo and should be able to link",
              "timedOut": null,
              "duration": 9566,
              "state": "passed",
              "speed": "medium",
              "pass": true,
              "fail": false,
              "pending": false,
              "context": "{\n  \"title\": \"cypress-mochawesome-reporter-videos-passed\",\n  \"value\": \"cypress\\\\e2e\\\\header.cy.js\"\n}",
              "code": "cy.get(\".logo\").should(\"be.visible\").find(\"a\", 'img[class=\"loaded\"]').click();",
              "err": {},
              "uuid": "f82bc360-5c61-4bf6-a428-41fc46e6305f",
              "parentUUID": "c4749b6e-0fea-4a19-bc19-bb6a7c3bf59e",
              "isHook": false,
              "skipped": false
            },
            {
              "title": "Should find 7 nav bar links",
              "fullTitle": "Header tests Should find 7 nav bar links",
              "timedOut": null,
              "duration": 5433,
              "state": "passed",
              "speed": "medium",
              "pass": true,
              "fail": false,
              "pending": false,
              "context": "{\n  \"title\": \"cypress-mochawesome-reporter-videos-passed\",\n  \"value\": \"cypress\\\\e2e\\\\header.cy.js\"\n}",
              "code": "cy.get(\"#menu\").find(\"a\").click({\n  multiple: true\n}).should(\"have.length\", 7).each($link => {\n  cy.wrap($link).should(\"have.attr\", \"href\").and(\"not.be.empty\");\n});",
              "err": {},
              "uuid": "c4144a00-8df5-412f-9db1-8492327a449c",
              "parentUUID": "c4749b6e-0fea-4a19-bc19-bb6a7c3bf59e",
              "isHook": false,
              "skipped": false
            }
          ],
          "suites": [],
          "passes": [
            "f82bc360-5c61-4bf6-a428-41fc46e6305f",
            "c4144a00-8df5-412f-9db1-8492327a449c"
          ],
          "failures": [],
          "pending": [],
          "skipped": [],
          "duration": 14999,
          "root": false,
          "rootEmpty": false,
          "_timeout": 2000
        }
      ],
      "passes": [],
      "failures": [],
      "pending": [],
      "skipped": [],
      "duration": 0,
      "root": true,
      "rootEmpty": true,
      "_timeout": 2000
    }
  ],
  "meta": {
    "mocha": {
      "version": "7.0.1"
    },
    "mochawesome": {
      "options": {
        "quiet": false,
        "reportFilename": "mochawesome",
        "saveHtml": false,
        "saveJson": true,
        "consoleReporter": "spec",
        "useInlineDiffs": false,
        "code": true
      },
      "version": "7.1.3"
    },
    "marge": {
      "options": {
        "id": "default",
        "reportDir": "cypress/reports/mocha",
        "quite": true,
        "overwrite": false,
        "html": false,
        "json": true
      },
      "version": "6.2.0"
    }
  }
}